<?xml version="1.0" encoding="UTF-8"?>
<coverage generated="1668153260400" clover="3.2.0">
  <project timestamp="1668153260400" name="All files">
    <metrics statements="43" coveredstatements="38" conditionals="18" coveredconditionals="16" methods="15" coveredmethods="13" elements="76" coveredelements="67" complexity="0" loc="43" ncloc="43" packages="1" files="3" classes="3"/>
    <file name="App.js" path="D:\javascript\woowa-for-precourse\5기\javascript-lotto\src\App.js">
      <metrics statements="30" coveredstatements="27" conditionals="14" coveredconditionals="13" methods="9" coveredmethods="8"/>
      <line num="1" count="2" type="stmt"/>
      <line num="2" count="2" type="stmt"/>
      <line num="3" count="2" type="stmt"/>
      <line num="8" count="8" type="stmt"/>
      <line num="9" count="8" type="stmt"/>
      <line num="13" count="4" type="stmt"/>
      <line num="14" count="2" type="stmt"/>
      <line num="15" count="1" type="stmt"/>
      <line num="19" count="1" type="stmt"/>
      <line num="20" count="1" type="stmt"/>
      <line num="23" count="1" type="stmt"/>
      <line num="29" count="2" type="cond" truecount="4" falsecount="0"/>
      <line num="31" count="1" type="stmt"/>
      <line num="35" count="3" type="stmt"/>
      <line num="37" count="3" type="cond" truecount="2" falsecount="0"/>
      <line num="38" count="2" type="stmt"/>
      <line num="40" count="1" type="stmt"/>
      <line num="44" count="0" type="stmt"/>
      <line num="46" count="0" type="stmt"/>
      <line num="48" count="0" type="stmt"/>
      <line num="52" count="3" type="stmt"/>
      <line num="53" count="2" type="cond" truecount="3" falsecount="1"/>
      <line num="55" count="12" type="stmt"/>
      <line num="57" count="2" type="stmt"/>
      <line num="59" count="2" type="cond" truecount="4" falsecount="0"/>
      <line num="60" count="1" type="stmt"/>
      <line num="62" count="1" type="stmt"/>
      <line num="67" count="2" type="stmt"/>
      <line num="68" count="2" type="stmt"/>
      <line num="70" count="2" type="stmt"/>
    </file>
    <file name="Lotto.js" path="D:\javascript\woowa-for-precourse\5기\javascript-lotto\src\Lotto.js">
      <metrics statements="7" coveredstatements="6" conditionals="4" coveredconditionals="3" methods="2" coveredmethods="2"/>
      <line num="5" count="2" type="stmt"/>
      <line num="7" count="0" type="stmt"/>
      <line num="12" count="2" type="cond" truecount="2" falsecount="0"/>
      <line num="13" count="1" type="stmt"/>
      <line num="16" count="1" type="cond" truecount="1" falsecount="1"/>
      <line num="17" count="1" type="stmt"/>
      <line num="25" count="3" type="stmt"/>
    </file>
    <file name="Utils.js" path="D:\javascript\woowa-for-precourse\5기\javascript-lotto\src\Utils.js">
      <metrics statements="6" coveredstatements="5" conditionals="0" coveredconditionals="0" methods="4" coveredmethods="3"/>
      <line num="1" count="2" type="stmt"/>
      <line num="6" count="8" type="stmt"/>
      <line num="10" count="5" type="stmt"/>
      <line num="14" count="1" type="stmt"/>
      <line num="18" count="0" type="stmt"/>
      <line num="22" count="2" type="stmt"/>
    </file>
  </project>
</coverage>
