{"D:\\javascript\\woowa-for-precourse\\5기\\javascript-lotto\\src\\App.js": {"path":"D:\\javascript\\woowa-for-precourse\\5기\\javascript-lotto\\src\\App.js","statementMap":{"0":{"start":{"line":1,"column":21},"end":{"line":1,"column":58}},"1":{"start":{"line":2,"column":14},"end":{"line":2,"column":32}},"2":{"start":{"line":3,"column":14},"end":{"line":3,"column":32}},"3":{"start":{"line":8,"column":4},"end":{"line":8,"column":34}},"4":{"start":{"line":9,"column":4},"end":{"line":9,"column":26}},"5":{"start":{"line":13,"column":4},"end":{"line":24,"column":7}},"6":{"start":{"line":14,"column":19},"end":{"line":14,"column":51}},"7":{"start":{"line":15,"column":22},"end":{"line":15,"column":44}},"8":{"start":{"line":19,"column":6},"end":{"line":21,"column":9}},"9":{"start":{"line":20,"column":8},"end":{"line":20,"column":50}},"10":{"start":{"line":23,"column":6},"end":{"line":23,"column":20}},"11":{"start":{"line":29,"column":4},"end":{"line":29,"column":110}},"12":{"start":{"line":29,"column":57},"end":{"line":29,"column":110}},"13":{"start":{"line":31,"column":4},"end":{"line":31,"column":17}},"14":{"start":{"line":35,"column":16},"end":{"line":35,"column":17}},"15":{"start":{"line":37,"column":4},"end":{"line":38,"column":62}},"16":{"start":{"line":37,"column":26},"end":{"line":37,"column":47}},"17":{"start":{"line":38,"column":9},"end":{"line":38,"column":62}},"18":{"start":{"line":40,"column":4},"end":{"line":40,"column":17}},"19":{"start":{"line":44,"column":16},"end":{"line":44,"column":18}},"20":{"start":{"line":46,"column":4},"end":{"line":46,"column":70}},"21":{"start":{"line":46,"column":16},"end":{"line":46,"column":17}},"22":{"start":{"line":46,"column":34},"end":{"line":46,"column":70}},"23":{"start":{"line":48,"column":4},"end":{"line":48,"column":17}},"24":{"start":{"line":52,"column":21},"end":{"line":52,"column":45}},"25":{"start":{"line":53,"column":4},"end":{"line":53,"column":101}},"26":{"start":{"line":53,"column":47},"end":{"line":53,"column":101}},"27":{"start":{"line":55,"column":16},"end":{"line":55,"column":56}},"28":{"start":{"line":55,"column":44},"end":{"line":55,"column":55}},"29":{"start":{"line":57,"column":14},"end":{"line":57,"column":32}},"30":{"start":{"line":59,"column":4},"end":{"line":59,"column":92}},"31":{"start":{"line":59,"column":38},"end":{"line":59,"column":92}},"32":{"start":{"line":60,"column":4},"end":{"line":60,"column":41}},"33":{"start":{"line":62,"column":4},"end":{"line":62,"column":17}},"34":{"start":{"line":67,"column":12},"end":{"line":67,"column":21}},"35":{"start":{"line":68,"column":0},"end":{"line":68,"column":11}},"36":{"start":{"line":70,"column":0},"end":{"line":70,"column":21}}},"fnMap":{"0":{"name":"(anonymous_0)","decl":{"start":{"line":7,"column":2},"end":{"line":7,"column":3}},"loc":{"start":{"line":7,"column":16},"end":{"line":10,"column":3}},"line":7},"1":{"name":"(anonymous_1)","decl":{"start":{"line":12,"column":2},"end":{"line":12,"column":3}},"loc":{"start":{"line":12,"column":9},"end":{"line":25,"column":3}},"line":12},"2":{"name":"(anonymous_2)","decl":{"start":{"line":13,"column":39},"end":{"line":13,"column":40}},"loc":{"start":{"line":13,"column":50},"end":{"line":24,"column":5}},"line":13},"3":{"name":"(anonymous_3)","decl":{"start":{"line":19,"column":42},"end":{"line":19,"column":43}},"loc":{"start":{"line":19,"column":53},"end":{"line":21,"column":7}},"line":19},"4":{"name":"(anonymous_4)","decl":{"start":{"line":27,"column":2},"end":{"line":27,"column":3}},"loc":{"start":{"line":27,"column":22},"end":{"line":32,"column":3}},"line":27},"5":{"name":"(anonymous_5)","decl":{"start":{"line":34,"column":2},"end":{"line":34,"column":3}},"loc":{"start":{"line":34,"column":21},"end":{"line":41,"column":3}},"line":34},"6":{"name":"(anonymous_6)","decl":{"start":{"line":43,"column":2},"end":{"line":43,"column":3}},"loc":{"start":{"line":43,"column":21},"end":{"line":49,"column":3}},"line":43},"7":{"name":"(anonymous_7)","decl":{"start":{"line":51,"column":2},"end":{"line":51,"column":3}},"loc":{"start":{"line":51,"column":26},"end":{"line":63,"column":3}},"line":51},"8":{"name":"(anonymous_8)","decl":{"start":{"line":55,"column":37},"end":{"line":55,"column":38}},"loc":{"start":{"line":55,"column":44},"end":{"line":55,"column":55}},"line":55}},"branchMap":{"0":{"loc":{"start":{"line":29,"column":4},"end":{"line":29,"column":110}},"type":"if","locations":[{"start":{"line":29,"column":4},"end":{"line":29,"column":110}},{"start":{},"end":{}}],"line":29},"1":{"loc":{"start":{"line":29,"column":7},"end":{"line":29,"column":55}},"type":"binary-expr","locations":[{"start":{"line":29,"column":7},"end":{"line":29,"column":32}},{"start":{"line":29,"column":36},"end":{"line":29,"column":55}}],"line":29},"2":{"loc":{"start":{"line":37,"column":4},"end":{"line":38,"column":62}},"type":"if","locations":[{"start":{"line":37,"column":4},"end":{"line":38,"column":62}},{"start":{"line":38,"column":9},"end":{"line":38,"column":62}}],"line":37},"3":{"loc":{"start":{"line":53,"column":4},"end":{"line":53,"column":101}},"type":"if","locations":[{"start":{"line":53,"column":4},"end":{"line":53,"column":101}},{"start":{},"end":{}}],"line":53},"4":{"loc":{"start":{"line":53,"column":7},"end":{"line":53,"column":45}},"type":"binary-expr","locations":[{"start":{"line":53,"column":7},"end":{"line":53,"column":27}},{"start":{"line":53,"column":31},"end":{"line":53,"column":45}}],"line":53},"5":{"loc":{"start":{"line":59,"column":4},"end":{"line":59,"column":92}},"type":"if","locations":[{"start":{"line":59,"column":4},"end":{"line":59,"column":92}},{"start":{},"end":{}}],"line":59},"6":{"loc":{"start":{"line":59,"column":7},"end":{"line":59,"column":36}},"type":"binary-expr","locations":[{"start":{"line":59,"column":7},"end":{"line":59,"column":15}},{"start":{"line":59,"column":19},"end":{"line":59,"column":36}}],"line":59}},"s":{"0":2,"1":2,"2":2,"3":8,"4":8,"5":4,"6":2,"7":1,"8":1,"9":1,"10":1,"11":2,"12":1,"13":1,"14":3,"15":3,"16":1,"17":2,"18":1,"19":0,"20":0,"21":0,"22":0,"23":0,"24":3,"25":2,"26":0,"27":2,"28":12,"29":2,"30":2,"31":1,"32":1,"33":1,"34":2,"35":2,"36":2},"f":{"0":8,"1":4,"2":2,"3":1,"4":2,"5":3,"6":0,"7":3,"8":12},"b":{"0":[1,1],"1":[2,2],"2":[1,2],"3":[0,2],"4":[2,2],"5":[1,1],"6":[2,2]},"_coverageSchema":"1a1c01bbd47fc00a2c39e90264f33305004495a9","hash":"b87937686702a91f0dc2abbddd825b271c3580be"}
,"D:\\javascript\\woowa-for-precourse\\5기\\javascript-lotto\\src\\Lotto.js": {"path":"D:\\javascript\\woowa-for-precourse\\5기\\javascript-lotto\\src\\Lotto.js","statementMap":{"0":{"start":{"line":5,"column":4},"end":{"line":5,"column":27}},"1":{"start":{"line":7,"column":4},"end":{"line":7,"column":25}},"2":{"start":{"line":12,"column":4},"end":{"line":14,"column":5}},"3":{"start":{"line":13,"column":6},"end":{"line":13,"column":61}},"4":{"start":{"line":16,"column":4},"end":{"line":18,"column":5}},"5":{"start":{"line":17,"column":6},"end":{"line":17,"column":52}},"6":{"start":{"line":25,"column":0},"end":{"line":25,"column":23}}},"fnMap":{"0":{"name":"(anonymous_0)","decl":{"start":{"line":4,"column":2},"end":{"line":4,"column":3}},"loc":{"start":{"line":4,"column":23},"end":{"line":8,"column":3}},"line":4},"1":{"name":"(anonymous_1)","decl":{"start":{"line":10,"column":2},"end":{"line":10,"column":3}},"loc":{"start":{"line":10,"column":20},"end":{"line":20,"column":3}},"line":10}},"branchMap":{"0":{"loc":{"start":{"line":12,"column":4},"end":{"line":14,"column":5}},"type":"if","locations":[{"start":{"line":12,"column":4},"end":{"line":14,"column":5}},{"start":{},"end":{}}],"line":12},"1":{"loc":{"start":{"line":16,"column":4},"end":{"line":18,"column":5}},"type":"if","locations":[{"start":{"line":16,"column":4},"end":{"line":18,"column":5}},{"start":{},"end":{}}],"line":16}},"s":{"0":2,"1":0,"2":2,"3":1,"4":1,"5":1,"6":3},"f":{"0":2,"1":2},"b":{"0":[1,1],"1":[1,0]},"_coverageSchema":"1a1c01bbd47fc00a2c39e90264f33305004495a9","hash":"effd7b963680bb908b0962ab47e7ee91e4b6c721"}
,"D:\\javascript\\woowa-for-precourse\\5기\\javascript-lotto\\src\\Utils.js": {"path":"D:\\javascript\\woowa-for-precourse\\5기\\javascript-lotto\\src\\Utils.js","statementMap":{"0":{"start":{"line":1,"column":21},"end":{"line":1,"column":58}},"1":{"start":{"line":6,"column":8},"end":{"line":6,"column":47}},"2":{"start":{"line":10,"column":8},"end":{"line":10,"column":55}},"3":{"start":{"line":14,"column":8},"end":{"line":14,"column":37}},"4":{"start":{"line":18,"column":8},"end":{"line":18,"column":70}},"5":{"start":{"line":22,"column":0},"end":{"line":22,"column":29}}},"fnMap":{"0":{"name":"(anonymous_0)","decl":{"start":{"line":5,"column":4},"end":{"line":5,"column":5}},"loc":{"start":{"line":5,"column":15},"end":{"line":7,"column":5}},"line":5},"1":{"name":"(anonymous_1)","decl":{"start":{"line":9,"column":4},"end":{"line":9,"column":5}},"loc":{"start":{"line":9,"column":30},"end":{"line":11,"column":5}},"line":9},"2":{"name":"(anonymous_2)","decl":{"start":{"line":13,"column":4},"end":{"line":13,"column":5}},"loc":{"start":{"line":13,"column":12},"end":{"line":15,"column":5}},"line":13},"3":{"name":"(anonymous_3)","decl":{"start":{"line":17,"column":4},"end":{"line":17,"column":5}},"loc":{"start":{"line":17,"column":22},"end":{"line":19,"column":5}},"line":17}},"branchMap":{},"s":{"0":2,"1":8,"2":5,"3":1,"4":0,"5":2},"f":{"0":8,"1":5,"2":1,"3":0},"b":{},"_coverageSchema":"1a1c01bbd47fc00a2c39e90264f33305004495a9","hash":"528414d88f6d6ff84d0c0ee817e7b19b75006b36"}
}
