{"D:\\javascript\\woowa-for-precourse\\5기\\javascript-lotto\\src\\App.js": {"path":"D:\\javascript\\woowa-for-precourse\\5기\\javascript-lotto\\src\\App.js","statementMap":{"0":{"start":{"line":1,"column":14},"end":{"line":1,"column":32}},"1":{"start":{"line":2,"column":14},"end":{"line":2,"column":32}},"2":{"start":{"line":4,"column":20},"end":{"line":11,"column":1}},"3":{"start":{"line":17,"column":4},"end":{"line":17,"column":36}},"4":{"start":{"line":18,"column":4},"end":{"line":18,"column":27}},"5":{"start":{"line":19,"column":4},"end":{"line":19,"column":25}},"6":{"start":{"line":20,"column":4},"end":{"line":20,"column":18}},"7":{"start":{"line":24,"column":4},"end":{"line":44,"column":7}},"8":{"start":{"line":25,"column":6},"end":{"line":25,"column":51}},"9":{"start":{"line":26,"column":22},"end":{"line":26,"column":49}},"10":{"start":{"line":28,"column":6},"end":{"line":28,"column":52}},"11":{"start":{"line":29,"column":6},"end":{"line":29,"column":42}},"12":{"start":{"line":30,"column":6},"end":{"line":30,"column":61}},"13":{"start":{"line":30,"column":42},"end":{"line":30,"column":61}},"14":{"start":{"line":32,"column":6},"end":{"line":39,"column":9}},"15":{"start":{"line":33,"column":8},"end":{"line":33,"column":70}},"16":{"start":{"line":34,"column":8},"end":{"line":38,"column":11}},"17":{"start":{"line":35,"column":10},"end":{"line":35,"column":56}},"18":{"start":{"line":36,"column":10},"end":{"line":36,"column":32}},"19":{"start":{"line":49,"column":4},"end":{"line":49,"column":110}},"20":{"start":{"line":49,"column":57},"end":{"line":49,"column":110}},"21":{"start":{"line":51,"column":4},"end":{"line":51,"column":73}},"22":{"start":{"line":51,"column":21},"end":{"line":51,"column":73}},"23":{"start":{"line":53,"column":4},"end":{"line":53,"column":17}},"24":{"start":{"line":57,"column":16},"end":{"line":57,"column":17}},"25":{"start":{"line":59,"column":4},"end":{"line":60,"column":62}},"26":{"start":{"line":59,"column":26},"end":{"line":59,"column":47}},"27":{"start":{"line":60,"column":9},"end":{"line":60,"column":62}},"28":{"start":{"line":62,"column":4},"end":{"line":62,"column":17}},"29":{"start":{"line":66,"column":16},"end":{"line":66,"column":18}},"30":{"start":{"line":68,"column":4},"end":{"line":68,"column":18}},"31":{"start":{"line":69,"column":4},"end":{"line":69,"column":92}},"32":{"start":{"line":69,"column":16},"end":{"line":69,"column":17}},"33":{"start":{"line":69,"column":34},"end":{"line":69,"column":92}},"34":{"start":{"line":69,"column":84},"end":{"line":69,"column":89}},"35":{"start":{"line":71,"column":4},"end":{"line":71,"column":17}},"36":{"start":{"line":75,"column":4},"end":{"line":75,"column":83}},"37":{"start":{"line":75,"column":29},"end":{"line":75,"column":83}},"38":{"start":{"line":77,"column":21},"end":{"line":77,"column":76}},"39":{"start":{"line":79,"column":4},"end":{"line":79,"column":83}},"40":{"start":{"line":79,"column":25},"end":{"line":79,"column":83}},"41":{"start":{"line":81,"column":16},"end":{"line":81,"column":56}},"42":{"start":{"line":81,"column":44},"end":{"line":81,"column":55}},"43":{"start":{"line":83,"column":14},"end":{"line":83,"column":32}},"44":{"start":{"line":85,"column":4},"end":{"line":85,"column":89}},"45":{"start":{"line":85,"column":38},"end":{"line":85,"column":89}},"46":{"start":{"line":87,"column":4},"end":{"line":87,"column":24}},"47":{"start":{"line":91,"column":4},"end":{"line":91,"column":26}},"48":{"start":{"line":92,"column":4},"end":{"line":92,"column":107}},"49":{"start":{"line":92,"column":56},"end":{"line":92,"column":107}},"50":{"start":{"line":94,"column":4},"end":{"line":94,"column":17}},"51":{"start":{"line":100,"column":20},"end":{"line":100,"column":21}},"52":{"start":{"line":102,"column":4},"end":{"line":106,"column":5}},"53":{"start":{"line":103,"column":6},"end":{"line":103,"column":68}},"54":{"start":{"line":104,"column":6},"end":{"line":104,"column":30}},"55":{"start":{"line":105,"column":6},"end":{"line":105,"column":41}},"56":{"start":{"line":108,"column":4},"end":{"line":108,"column":27}},"57":{"start":{"line":109,"column":4},"end":{"line":109,"column":27}},"58":{"start":{"line":111,"column":24},"end":{"line":111,"column":65}},"59":{"start":{"line":113,"column":16},"end":{"line":120,"column":5}},"60":{"start":{"line":122,"column":4},"end":{"line":122,"column":21}},"61":{"start":{"line":126,"column":4},"end":{"line":126,"column":39}},"62":{"start":{"line":130,"column":12},"end":{"line":130,"column":21}},"63":{"start":{"line":131,"column":0},"end":{"line":131,"column":11}},"64":{"start":{"line":133,"column":0},"end":{"line":133,"column":21}}},"fnMap":{"0":{"name":"(anonymous_0)","decl":{"start":{"line":15,"column":2},"end":{"line":15,"column":3}},"loc":{"start":{"line":15,"column":16},"end":{"line":21,"column":3}},"line":15},"1":{"name":"(anonymous_1)","decl":{"start":{"line":23,"column":2},"end":{"line":23,"column":3}},"loc":{"start":{"line":23,"column":9},"end":{"line":45,"column":3}},"line":23},"2":{"name":"(anonymous_2)","decl":{"start":{"line":24,"column":39},"end":{"line":24,"column":40}},"loc":{"start":{"line":24,"column":50},"end":{"line":44,"column":5}},"line":24},"3":{"name":"(anonymous_3)","decl":{"start":{"line":32,"column":44},"end":{"line":32,"column":45}},"loc":{"start":{"line":32,"column":55},"end":{"line":39,"column":7}},"line":32},"4":{"name":"(anonymous_4)","decl":{"start":{"line":34,"column":47},"end":{"line":34,"column":48}},"loc":{"start":{"line":34,"column":58},"end":{"line":38,"column":9}},"line":34},"5":{"name":"(anonymous_5)","decl":{"start":{"line":47,"column":2},"end":{"line":47,"column":3}},"loc":{"start":{"line":47,"column":22},"end":{"line":54,"column":3}},"line":47},"6":{"name":"(anonymous_6)","decl":{"start":{"line":56,"column":2},"end":{"line":56,"column":3}},"loc":{"start":{"line":56,"column":21},"end":{"line":63,"column":3}},"line":56},"7":{"name":"(anonymous_7)","decl":{"start":{"line":65,"column":2},"end":{"line":65,"column":3}},"loc":{"start":{"line":65,"column":21},"end":{"line":72,"column":3}},"line":65},"8":{"name":"(anonymous_8)","decl":{"start":{"line":69,"column":74},"end":{"line":69,"column":75}},"loc":{"start":{"line":69,"column":84},"end":{"line":69,"column":89}},"line":69},"9":{"name":"(anonymous_9)","decl":{"start":{"line":74,"column":2},"end":{"line":74,"column":3}},"loc":{"start":{"line":74,"column":26},"end":{"line":88,"column":3}},"line":74},"10":{"name":"(anonymous_10)","decl":{"start":{"line":81,"column":37},"end":{"line":81,"column":38}},"loc":{"start":{"line":81,"column":44},"end":{"line":81,"column":55}},"line":81},"11":{"name":"(anonymous_11)","decl":{"start":{"line":90,"column":2},"end":{"line":90,"column":3}},"loc":{"start":{"line":90,"column":24},"end":{"line":95,"column":3}},"line":90},"12":{"name":"(anonymous_12)","decl":{"start":{"line":97,"column":2},"end":{"line":97,"column":3}},"loc":{"start":{"line":97,"column":19},"end":{"line":123,"column":3}},"line":97},"13":{"name":"(anonymous_13)","decl":{"start":{"line":125,"column":2},"end":{"line":125,"column":3}},"loc":{"start":{"line":125,"column":22},"end":{"line":127,"column":3}},"line":125}},"branchMap":{"0":{"loc":{"start":{"line":49,"column":4},"end":{"line":49,"column":110}},"type":"if","locations":[{"start":{"line":49,"column":4},"end":{"line":49,"column":110}},{"start":{},"end":{}}],"line":49},"1":{"loc":{"start":{"line":49,"column":7},"end":{"line":49,"column":55}},"type":"binary-expr","locations":[{"start":{"line":49,"column":7},"end":{"line":49,"column":32}},{"start":{"line":49,"column":36},"end":{"line":49,"column":55}}],"line":49},"2":{"loc":{"start":{"line":51,"column":4},"end":{"line":51,"column":73}},"type":"if","locations":[{"start":{"line":51,"column":4},"end":{"line":51,"column":73}},{"start":{},"end":{}}],"line":51},"3":{"loc":{"start":{"line":59,"column":4},"end":{"line":60,"column":62}},"type":"if","locations":[{"start":{"line":59,"column":4},"end":{"line":60,"column":62}},{"start":{"line":60,"column":9},"end":{"line":60,"column":62}}],"line":59},"4":{"loc":{"start":{"line":75,"column":4},"end":{"line":75,"column":83}},"type":"if","locations":[{"start":{"line":75,"column":4},"end":{"line":75,"column":83}},{"start":{},"end":{}}],"line":75},"5":{"loc":{"start":{"line":77,"column":21},"end":{"line":77,"column":76}},"type":"cond-expr","locations":[{"start":{"line":77,"column":48},"end":{"line":77,"column":72}},{"start":{"line":77,"column":75},"end":{"line":77,"column":76}}],"line":77},"6":{"loc":{"start":{"line":79,"column":4},"end":{"line":79,"column":83}},"type":"if","locations":[{"start":{"line":79,"column":4},"end":{"line":79,"column":83}},{"start":{},"end":{}}],"line":79},"7":{"loc":{"start":{"line":85,"column":4},"end":{"line":85,"column":89}},"type":"if","locations":[{"start":{"line":85,"column":4},"end":{"line":85,"column":89}},{"start":{},"end":{}}],"line":85},"8":{"loc":{"start":{"line":85,"column":7},"end":{"line":85,"column":36}},"type":"binary-expr","locations":[{"start":{"line":85,"column":7},"end":{"line":85,"column":15}},{"start":{"line":85,"column":19},"end":{"line":85,"column":36}}],"line":85},"9":{"loc":{"start":{"line":92,"column":4},"end":{"line":92,"column":107}},"type":"if","locations":[{"start":{"line":92,"column":4},"end":{"line":92,"column":107}},{"start":{},"end":{}}],"line":92},"10":{"loc":{"start":{"line":92,"column":7},"end":{"line":92,"column":54}},"type":"binary-expr","locations":[{"start":{"line":92,"column":7},"end":{"line":92,"column":26}},{"start":{"line":92,"column":30},"end":{"line":92,"column":40}},{"start":{"line":92,"column":44},"end":{"line":92,"column":54}}],"line":92}},"s":{"0":2,"1":2,"2":2,"3":11,"4":11,"5":11,"6":11,"7":4,"8":2,"9":1,"10":1,"11":1,"12":1,"13":8,"14":1,"15":1,"16":1,"17":1,"18":1,"19":2,"20":1,"21":1,"22":0,"23":1,"24":4,"25":4,"26":1,"27":3,"28":1,"29":1,"30":1,"31":1,"32":1,"33":8,"34":66,"35":1,"36":4,"37":1,"38":3,"39":3,"40":1,"41":2,"42":12,"43":2,"44":2,"45":1,"46":1,"47":3,"48":3,"49":2,"50":1,"51":1,"52":1,"53":8,"54":8,"55":8,"56":1,"57":1,"58":1,"59":1,"60":1,"61":5,"62":2,"63":2,"64":2},"f":{"0":11,"1":4,"2":2,"3":1,"4":1,"5":2,"6":4,"7":1,"8":66,"9":4,"10":12,"11":3,"12":1,"13":5},"b":{"0":[1,1],"1":[2,2],"2":[0,1],"3":[1,3],"4":[1,3],"5":[3,0],"6":[1,2],"7":[1,1],"8":[2,2],"9":[2,1],"10":[3,2,1]},"_coverageSchema":"1a1c01bbd47fc00a2c39e90264f33305004495a9","hash":"fea2699ab01fc403d37b30bad79b55a2eed26334"}
,"D:\\javascript\\woowa-for-precourse\\5기\\javascript-lotto\\src\\Lotto.js": {"path":"D:\\javascript\\woowa-for-precourse\\5기\\javascript-lotto\\src\\Lotto.js","statementMap":{"0":{"start":{"line":13,"column":4},"end":{"line":13,"column":27}},"1":{"start":{"line":14,"column":4},"end":{"line":14,"column":28}},"2":{"start":{"line":19,"column":4},"end":{"line":21,"column":5}},"3":{"start":{"line":20,"column":6},"end":{"line":20,"column":61}},"4":{"start":{"line":23,"column":4},"end":{"line":25,"column":5}},"5":{"start":{"line":24,"column":6},"end":{"line":24,"column":52}},"6":{"start":{"line":31,"column":19},"end":{"line":31,"column":39}},"7":{"start":{"line":32,"column":16},"end":{"line":32,"column":17}},"8":{"start":{"line":34,"column":4},"end":{"line":41,"column":37}},"9":{"start":{"line":34,"column":22},"end":{"line":34,"column":32}},"10":{"start":{"line":35,"column":9},"end":{"line":41,"column":37}},"11":{"start":{"line":37,"column":6},"end":{"line":37,"column":16}},"12":{"start":{"line":39,"column":9},"end":{"line":41,"column":37}},"13":{"start":{"line":39,"column":27},"end":{"line":39,"column":37}},"14":{"start":{"line":40,"column":9},"end":{"line":41,"column":37}},"15":{"start":{"line":40,"column":27},"end":{"line":40,"column":37}},"16":{"start":{"line":41,"column":9},"end":{"line":41,"column":37}},"17":{"start":{"line":41,"column":27},"end":{"line":41,"column":37}},"18":{"start":{"line":43,"column":4},"end":{"line":43,"column":17}},"19":{"start":{"line":48,"column":14},"end":{"line":48,"column":15}},"20":{"start":{"line":50,"column":4},"end":{"line":54,"column":6}},"21":{"start":{"line":51,"column":16},"end":{"line":51,"column":44}},"22":{"start":{"line":53,"column":6},"end":{"line":53,"column":27}},"23":{"start":{"line":53,"column":21},"end":{"line":53,"column":27}},"24":{"start":{"line":56,"column":4},"end":{"line":56,"column":15}},"25":{"start":{"line":60,"column":4},"end":{"line":60,"column":33}},"26":{"start":{"line":69,"column":0},"end":{"line":69,"column":23}}},"fnMap":{"0":{"name":"(anonymous_0)","decl":{"start":{"line":12,"column":2},"end":{"line":12,"column":3}},"loc":{"start":{"line":12,"column":23},"end":{"line":15,"column":3}},"line":12},"1":{"name":"(anonymous_1)","decl":{"start":{"line":17,"column":2},"end":{"line":17,"column":3}},"loc":{"start":{"line":17,"column":20},"end":{"line":27,"column":3}},"line":17},"2":{"name":"(anonymous_2)","decl":{"start":{"line":30,"column":2},"end":{"line":30,"column":3}},"loc":{"start":{"line":30,"column":26},"end":{"line":44,"column":3}},"line":30},"3":{"name":"(anonymous_3)","decl":{"start":{"line":46,"column":2},"end":{"line":46,"column":3}},"loc":{"start":{"line":46,"column":18},"end":{"line":57,"column":3}},"line":46},"4":{"name":"(anonymous_4)","decl":{"start":{"line":50,"column":14},"end":{"line":50,"column":15}},"loc":{"start":{"line":50,"column":32},"end":{"line":54,"column":5}},"line":50},"5":{"name":"(anonymous_5)","decl":{"start":{"line":59,"column":2},"end":{"line":59,"column":3}},"loc":{"start":{"line":59,"column":27},"end":{"line":61,"column":3}},"line":59}},"branchMap":{"0":{"loc":{"start":{"line":19,"column":4},"end":{"line":21,"column":5}},"type":"if","locations":[{"start":{"line":19,"column":4},"end":{"line":21,"column":5}},{"start":{},"end":{}}],"line":19},"1":{"loc":{"start":{"line":23,"column":4},"end":{"line":25,"column":5}},"type":"if","locations":[{"start":{"line":23,"column":4},"end":{"line":25,"column":5}},{"start":{},"end":{}}],"line":23},"2":{"loc":{"start":{"line":34,"column":4},"end":{"line":41,"column":37}},"type":"if","locations":[{"start":{"line":34,"column":4},"end":{"line":41,"column":37}},{"start":{"line":35,"column":9},"end":{"line":41,"column":37}}],"line":34},"3":{"loc":{"start":{"line":35,"column":9},"end":{"line":41,"column":37}},"type":"if","locations":[{"start":{"line":35,"column":9},"end":{"line":41,"column":37}},{"start":{"line":39,"column":9},"end":{"line":41,"column":37}}],"line":35},"4":{"loc":{"start":{"line":35,"column":12},"end":{"line":35,"column":58}},"type":"binary-expr","locations":[{"start":{"line":35,"column":12},"end":{"line":35,"column":25}},{"start":{"line":35,"column":29},"end":{"line":35,"column":58}}],"line":35},"5":{"loc":{"start":{"line":39,"column":9},"end":{"line":41,"column":37}},"type":"if","locations":[{"start":{"line":39,"column":9},"end":{"line":41,"column":37}},{"start":{"line":40,"column":9},"end":{"line":41,"column":37}}],"line":39},"6":{"loc":{"start":{"line":40,"column":9},"end":{"line":41,"column":37}},"type":"if","locations":[{"start":{"line":40,"column":9},"end":{"line":41,"column":37}},{"start":{"line":41,"column":9},"end":{"line":41,"column":37}}],"line":40},"7":{"loc":{"start":{"line":41,"column":9},"end":{"line":41,"column":37}},"type":"if","locations":[{"start":{"line":41,"column":9},"end":{"line":41,"column":37}},{"start":{},"end":{}}],"line":41},"8":{"loc":{"start":{"line":53,"column":6},"end":{"line":53,"column":27}},"type":"if","locations":[{"start":{"line":53,"column":6},"end":{"line":53,"column":27}},{"start":{},"end":{}}],"line":53}},"s":{"0":5,"1":3,"2":5,"3":1,"4":4,"5":1,"6":9,"7":9,"8":9,"9":0,"10":9,"11":1,"12":8,"13":0,"14":8,"15":0,"16":8,"17":1,"18":9,"19":12,"20":12,"21":72,"22":72,"23":25,"24":12,"25":1,"26":3},"f":{"0":5,"1":5,"2":9,"3":12,"4":72,"5":1},"b":{"0":[1,4],"1":[1,3],"2":[0,9],"3":[1,8],"4":[9,1],"5":[0,8],"6":[0,8],"7":[1,7],"8":[25,47]},"_coverageSchema":"1a1c01bbd47fc00a2c39e90264f33305004495a9","hash":"afa5ce1bc757ca51099a7d51571a9ea0e92ec0a7"}
,"D:\\javascript\\woowa-for-precourse\\5기\\javascript-lotto\\src\\Utils.js": {"path":"D:\\javascript\\woowa-for-precourse\\5기\\javascript-lotto\\src\\Utils.js","statementMap":{"0":{"start":{"line":1,"column":21},"end":{"line":1,"column":58}},"1":{"start":{"line":6,"column":8},"end":{"line":6,"column":47}},"2":{"start":{"line":10,"column":8},"end":{"line":10,"column":55}},"3":{"start":{"line":14,"column":8},"end":{"line":14,"column":37}},"4":{"start":{"line":18,"column":8},"end":{"line":18,"column":77}},"5":{"start":{"line":22,"column":0},"end":{"line":22,"column":29}}},"fnMap":{"0":{"name":"(anonymous_0)","decl":{"start":{"line":5,"column":4},"end":{"line":5,"column":5}},"loc":{"start":{"line":5,"column":15},"end":{"line":7,"column":5}},"line":5},"1":{"name":"(anonymous_1)","decl":{"start":{"line":9,"column":4},"end":{"line":9,"column":5}},"loc":{"start":{"line":9,"column":30},"end":{"line":11,"column":5}},"line":9},"2":{"name":"(anonymous_2)","decl":{"start":{"line":13,"column":4},"end":{"line":13,"column":5}},"loc":{"start":{"line":13,"column":12},"end":{"line":15,"column":5}},"line":13},"3":{"name":"(anonymous_3)","decl":{"start":{"line":17,"column":4},"end":{"line":17,"column":5}},"loc":{"start":{"line":17,"column":22},"end":{"line":19,"column":5}},"line":17}},"branchMap":{},"s":{"0":2,"1":10,"2":6,"3":0,"4":8,"5":2},"f":{"0":10,"1":6,"2":0,"3":8},"b":{},"_coverageSchema":"1a1c01bbd47fc00a2c39e90264f33305004495a9","hash":"76e7b89bca4ebe39c5bb168c621d5482b641f534"}
}
