TN:
SF:src\App.js
FN:7,(anonymous_0)
FN:12,(anonymous_1)
FN:13,(anonymous_2)
FN:19,(anonymous_3)
FN:27,(anonymous_4)
FN:34,(anonymous_5)
FN:43,(anonymous_6)
FN:51,(anonymous_7)
FN:55,(anonymous_8)
FNF:9
FNH:8
FNDA:8,(anonymous_0)
FNDA:4,(anonymous_1)
FNDA:2,(anonymous_2)
FNDA:1,(anonymous_3)
FNDA:2,(anonymous_4)
FNDA:3,(anonymous_5)
FNDA:0,(anonymous_6)
FNDA:3,(anonymous_7)
FNDA:12,(anonymous_8)
DA:1,2
DA:2,2
DA:3,2
DA:8,8
DA:9,8
DA:13,4
DA:14,2
DA:15,1
DA:19,1
DA:20,1
DA:23,1
DA:29,2
DA:31,1
DA:35,3
DA:37,3
DA:38,2
DA:40,1
DA:44,0
DA:46,0
DA:48,0
DA:52,3
DA:53,2
DA:55,12
DA:57,2
DA:59,2
DA:60,1
DA:62,1
DA:67,2
DA:68,2
DA:70,2
LF:30
LH:27
BRDA:29,0,0,1
BRDA:29,0,1,1
BRDA:29,1,0,2
BRDA:29,1,1,2
BRDA:37,2,0,1
BRDA:37,2,1,2
BRDA:53,3,0,0
BRDA:53,3,1,2
BRDA:53,4,0,2
BRDA:53,4,1,2
BRDA:59,5,0,1
BRDA:59,5,1,1
BRDA:59,6,0,2
BRDA:59,6,1,2
BRF:14
BRH:13
end_of_record
TN:
SF:src\Lotto.js
FN:4,(anonymous_0)
FN:10,(anonymous_1)
FNF:2
FNH:2
FNDA:2,(anonymous_0)
FNDA:2,(anonymous_1)
DA:5,2
DA:7,0
DA:12,2
DA:13,1
DA:16,1
DA:17,1
DA:25,3
LF:7
LH:6
BRDA:12,0,0,1
BRDA:12,0,1,1
BRDA:16,1,0,1
BRDA:16,1,1,0
BRF:4
BRH:3
end_of_record
TN:
SF:src\Utils.js
FN:5,(anonymous_0)
FN:9,(anonymous_1)
FN:13,(anonymous_2)
FN:17,(anonymous_3)
FNF:4
FNH:3
FNDA:8,(anonymous_0)
FNDA:5,(anonymous_1)
FNDA:1,(anonymous_2)
FNDA:0,(anonymous_3)
DA:1,2
DA:6,8
DA:10,5
DA:14,1
DA:18,0
DA:22,2
LF:6
LH:5
BRF:0
BRH:0
end_of_record
