TN:
SF:src\App.js
FN:15,(anonymous_0)
FN:23,(anonymous_1)
FN:24,(anonymous_2)
FN:32,(anonymous_3)
FN:34,(anonymous_4)
FN:47,(anonymous_5)
FN:56,(anonymous_6)
FN:65,(anonymous_7)
FN:69,(anonymous_8)
FN:74,(anonymous_9)
FN:81,(anonymous_10)
FN:90,(anonymous_11)
FN:97,(anonymous_12)
FN:125,(anonymous_13)
FNF:14
FNH:14
FNDA:11,(anonymous_0)
FNDA:4,(anonymous_1)
FNDA:2,(anonymous_2)
FNDA:1,(anonymous_3)
FNDA:1,(anonymous_4)
FNDA:2,(anonymous_5)
FNDA:4,(anonymous_6)
FNDA:1,(anonymous_7)
FNDA:66,(anonymous_8)
FNDA:4,(anonymous_9)
FNDA:12,(anonymous_10)
FNDA:3,(anonymous_11)
FNDA:1,(anonymous_12)
FNDA:5,(anonymous_13)
DA:1,2
DA:2,2
DA:4,2
DA:17,11
DA:18,11
DA:19,11
DA:20,11
DA:24,4
DA:25,2
DA:26,1
DA:28,1
DA:29,1
DA:30,8
DA:32,1
DA:33,1
DA:34,1
DA:35,1
DA:36,1
DA:49,2
DA:51,1
DA:53,1
DA:57,4
DA:59,4
DA:60,3
DA:62,1
DA:66,1
DA:68,1
DA:69,66
DA:71,1
DA:75,4
DA:77,3
DA:79,3
DA:81,12
DA:83,2
DA:85,2
DA:87,1
DA:91,3
DA:92,3
DA:94,1
DA:100,1
DA:102,1
DA:103,8
DA:104,8
DA:105,8
DA:108,1
DA:109,1
DA:111,1
DA:113,1
DA:122,1
DA:126,5
DA:130,2
DA:131,2
DA:133,2
LF:53
LH:53
BRDA:49,0,0,1
BRDA:49,0,1,1
BRDA:49,1,0,2
BRDA:49,1,1,2
BRDA:51,2,0,0
BRDA:51,2,1,1
BRDA:59,3,0,1
BRDA:59,3,1,3
BRDA:75,4,0,1
BRDA:75,4,1,3
BRDA:77,5,0,3
BRDA:77,5,1,0
BRDA:79,6,0,1
BRDA:79,6,1,2
BRDA:85,7,0,1
BRDA:85,7,1,1
BRDA:85,8,0,2
BRDA:85,8,1,2
BRDA:92,9,0,2
BRDA:92,9,1,1
BRDA:92,10,0,3
BRDA:92,10,1,2
BRDA:92,10,2,1
BRF:23
BRH:21
end_of_record
TN:
SF:src\Lotto.js
FN:12,(anonymous_0)
FN:17,(anonymous_1)
FN:30,(anonymous_2)
FN:46,(anonymous_3)
FN:50,(anonymous_4)
FN:59,(anonymous_5)
FNF:6
FNH:6
FNDA:5,(anonymous_0)
FNDA:5,(anonymous_1)
FNDA:9,(anonymous_2)
FNDA:12,(anonymous_3)
FNDA:72,(anonymous_4)
FNDA:1,(anonymous_5)
DA:13,5
DA:14,3
DA:19,5
DA:20,1
DA:23,4
DA:24,1
DA:31,9
DA:32,9
DA:34,9
DA:35,9
DA:37,1
DA:39,8
DA:40,8
DA:41,8
DA:43,9
DA:48,12
DA:50,12
DA:51,72
DA:53,72
DA:56,12
DA:60,1
DA:69,3
LF:22
LH:22
BRDA:19,0,0,1
BRDA:19,0,1,4
BRDA:23,1,0,1
BRDA:23,1,1,3
BRDA:34,2,0,0
BRDA:34,2,1,9
BRDA:35,3,0,1
BRDA:35,3,1,8
BRDA:35,4,0,9
BRDA:35,4,1,1
BRDA:39,5,0,0
BRDA:39,5,1,8
BRDA:40,6,0,0
BRDA:40,6,1,8
BRDA:41,7,0,1
BRDA:41,7,1,7
BRDA:53,8,0,25
BRDA:53,8,1,47
BRF:18
BRH:15
end_of_record
TN:
SF:src\Utils.js
FN:5,(anonymous_0)
FN:9,(anonymous_1)
FN:13,(anonymous_2)
FN:17,(anonymous_3)
FNF:4
FNH:3
FNDA:10,(anonymous_0)
FNDA:6,(anonymous_1)
FNDA:0,(anonymous_2)
FNDA:8,(anonymous_3)
DA:1,2
DA:6,10
DA:10,6
DA:14,0
DA:18,8
DA:22,2
LF:6
LH:5
BRF:0
BRH:0
end_of_record
